<?xml version="1.0" encoding="UTF-8"?>
<testng-results ignored="0" total="1" passed="1" failed="0" skipped="0">
  <reporter-output>
  </reporter-output>
  <suite started-at="2023-01-22T08:52:55 IST" name="Default suite" finished-at="2023-01-22T08:53:00 IST" duration-ms="5257">
    <groups>
    </groups>
    <test started-at="2023-01-22T08:52:55 IST" name="Default test" finished-at="2023-01-22T08:53:00 IST" duration-ms="5257">
      <class name="rest_assured.concepts.BasicMethods">
        <test-method signature="getMethod()[pri:0, instance:rest_assured.concepts.BasicMethods@19d481b]" started-at="2023-01-22T08:52:55 IST" name="getMethod" finished-at="2023-01-22T08:53:00 IST" duration-ms="5108" status="PASS">
          <reporter-output>
          </reporter-output>
        </test-method> <!-- getMethod -->
      </class> <!-- rest_assured.concepts.BasicMethods -->
    </test> <!-- Default test -->
  </suite> <!-- Default suite -->
</testng-results>
